<?xml version="1.0" encoding="UTF-8"?>
<!-- Generated by org.testng.reporters.JUnitXMLReporter -->
<testsuite ignored="0" hostname="DESKTOP-1R9NJEN" failures="0" tests="2" name="Default test" time="0.577" errors="0" timestamp="2024-02-21T15:33:08 IST">
  <testcase classname="com.MySQLWithTestNG.TestCases.Testcases" name="databaseTestingWithTestNG" time="0.151"/>
  <testcase classname="com.MySQLWithTestNG.TestCases.Testcases" name="verifyInsertCommand" time="0.006"/>
</testsuite> <!-- Default test -->
