<?xml version="1.0" encoding="UTF-8"?>
<testng-results ignored="0" total="2" passed="2" failed="0" skipped="0">
  <reporter-output>
  </reporter-output>
  <suite started-at="2024-02-21T15:33:07 IST" name="Default suite" finished-at="2024-02-21T15:33:08 IST" duration-ms="577">
    <groups>
    </groups>
    <test started-at="2024-02-21T15:33:07 IST" name="Default test" finished-at="2024-02-21T15:33:08 IST" duration-ms="577">
      <class name="com.MySQLWithTestNG.TestCases.Testcases">
        <test-method is-config="true" signature="setUp()[pri:0, instance:com.MySQLWithTestNG.TestCases.Testcases@3ba987b8]" started-at="2024-02-21T15:33:07 IST" name="setUp" finished-at="2024-02-21T15:33:07 IST" duration-ms="370" status="PASS">
          <reporter-output>
          </reporter-output>
        </test-method> <!-- setUp -->
        <test-method signature="databaseTestingWithTestNG()[pri:0, instance:com.MySQLWithTestNG.TestCases.Testcases@3ba987b8]" started-at="2024-02-21T15:33:07 IST" name="databaseTestingWithTestNG" finished-at="2024-02-21T15:33:08 IST" duration-ms="151" status="PASS">
          <reporter-output>
          </reporter-output>
        </test-method> <!-- databaseTestingWithTestNG -->
        <test-method signature="verifyInsertCommand()[pri:0, instance:com.MySQLWithTestNG.TestCases.Testcases@3ba987b8]" started-at="2024-02-21T15:33:08 IST" name="verifyInsertCommand" finished-at="2024-02-21T15:33:08 IST" duration-ms="6" status="PASS">
          <reporter-output>
          </reporter-output>
        </test-method> <!-- verifyInsertCommand -->
        <test-method is-config="true" signature="tearDown()[pri:0, instance:com.MySQLWithTestNG.TestCases.Testcases@3ba987b8]" started-at="2024-02-21T15:33:08 IST" name="tearDown" finished-at="2024-02-21T15:33:08 IST" duration-ms="1" status="PASS">
          <reporter-output>
          </reporter-output>
        </test-method> <!-- tearDown -->
      </class> <!-- com.MySQLWithTestNG.TestCases.Testcases -->
    </test> <!-- Default test -->
  </suite> <!-- Default suite -->
</testng-results>
